0 info it worked if it ends with ok
1 verbose cli [ '/usr/local/bin/node',
1 verbose cli   '/usr/local/bin/npm',
1 verbose cli   'install',
1 verbose cli   'serveStatic' ]
2 info using npm@2.15.8
3 info using node@v4.4.7
4 verbose config Skipping project config: /Users/danielbarranco/.npmrc. (matches userconfig)
5 verbose install initial load of /Users/danielbarranco/package.json
6 warn package.json danielbarranco@1.0.0 No description
7 warn package.json danielbarranco@1.0.0 No repository field.
8 warn package.json danielbarranco@1.0.0 No README data
9 verbose installManyTop reading scoped package data from /Users/danielbarranco/node_modules/bitcore-lib/package.json
10 verbose installManyTop reading scoped package data from /Users/danielbarranco/node_modules/connect/package.json
11 verbose installManyTop reading scoped package data from /Users/danielbarranco/node_modules/qrcode-terminal/package.json
12 verbose installManyTop reading scoped package data from /Users/danielbarranco/node_modules/serve-static/package.json
13 info package.json qrcode-terminal@0.10.0 No license field.
14 verbose readDependencies loading dependencies from /Users/danielbarranco/package.json
15 silly cache add args [ 'serveStatic', null ]
16 verbose cache add spec serveStatic
17 silly cache add parsed spec Result {
17 silly cache add   raw: 'serveStatic',
17 silly cache add   scope: null,
17 silly cache add   name: 'serveStatic',
17 silly cache add   rawSpec: '',
17 silly cache add   spec: 'latest',
17 silly cache add   type: 'tag' }
18 silly addNamed serveStatic@latest
19 verbose addNamed "latest" is being treated as a dist-tag for serveStatic
20 info addNameTag [ 'serveStatic', 'latest' ]
21 silly mapToRegistry name serveStatic
22 silly mapToRegistry using default registry
23 silly mapToRegistry registry https://registry.npmjs.org/
24 silly mapToRegistry data Result {
24 silly mapToRegistry   raw: 'serveStatic',
24 silly mapToRegistry   scope: null,
24 silly mapToRegistry   name: 'serveStatic',
24 silly mapToRegistry   rawSpec: '',
24 silly mapToRegistry   spec: 'latest',
24 silly mapToRegistry   type: 'tag' }
25 silly mapToRegistry uri https://registry.npmjs.org/serveStatic
26 verbose addNameTag registry:https://registry.npmjs.org/serveStatic not in flight; fetching
27 verbose request uri https://registry.npmjs.org/serveStatic
28 verbose request no auth needed
29 info attempt registry request try #1 at 8:26:28 PM
30 verbose request id 3c13e48228bfbf5e
31 http request GET https://registry.npmjs.org/serveStatic
32 http 404 https://registry.npmjs.org/serveStatic
33 verbose headers { 'content-type': 'application/json',
33 verbose headers   'cache-control': 'max-age=0',
33 verbose headers   'content-length': '2',
33 verbose headers   'accept-ranges': 'bytes',
33 verbose headers   date: 'Fri, 21 Oct 2016 00:26:27 GMT',
33 verbose headers   via: '1.1 varnish',
33 verbose headers   age: '0',
33 verbose headers   connection: 'keep-alive',
33 verbose headers   'x-served-by': 'cache-atl6245-ATL',
33 verbose headers   'x-cache': 'MISS',
33 verbose headers   'x-cache-hits': '0',
33 verbose headers   'x-timer': 'S1477009587.355130,VS0,VE208',
33 verbose headers   vary: 'Accept-Encoding' }
34 silly get cb [ 404,
34 silly get   { 'content-type': 'application/json',
34 silly get     'cache-control': 'max-age=0',
34 silly get     'content-length': '2',
34 silly get     'accept-ranges': 'bytes',
34 silly get     date: 'Fri, 21 Oct 2016 00:26:27 GMT',
34 silly get     via: '1.1 varnish',
34 silly get     age: '0',
34 silly get     connection: 'keep-alive',
34 silly get     'x-served-by': 'cache-atl6245-ATL',
34 silly get     'x-cache': 'MISS',
34 silly get     'x-cache-hits': '0',
34 silly get     'x-timer': 'S1477009587.355130,VS0,VE208',
34 silly get     vary: 'Accept-Encoding' } ]
35 verbose stack Error: Registry returned 404 for GET on https://registry.npmjs.org/serveStatic
35 verbose stack     at makeError (/usr/local/lib/node_modules/npm/node_modules/npm-registry-client/lib/request.js:264:12)
35 verbose stack     at CachingRegistryClient.<anonymous> (/usr/local/lib/node_modules/npm/node_modules/npm-registry-client/lib/request.js:242:14)
35 verbose stack     at Request._callback (/usr/local/lib/node_modules/npm/node_modules/npm-registry-client/lib/request.js:172:14)
35 verbose stack     at Request.self.callback (/usr/local/lib/node_modules/npm/node_modules/request/request.js:200:22)
35 verbose stack     at emitTwo (events.js:87:13)
35 verbose stack     at Request.emit (events.js:172:7)
35 verbose stack     at Request.<anonymous> (/usr/local/lib/node_modules/npm/node_modules/request/request.js:1067:10)
35 verbose stack     at emitOne (events.js:82:20)
35 verbose stack     at Request.emit (events.js:169:7)
35 verbose stack     at IncomingMessage.<anonymous> (/usr/local/lib/node_modules/npm/node_modules/request/request.js:988:12)
36 verbose statusCode 404
37 verbose pkgid serveStatic
38 verbose cwd /Users/danielbarranco/Documents/Digitalcrafts/7-16immersive/lego
39 error Darwin 14.5.0
40 error argv "/usr/local/bin/node" "/usr/local/bin/npm" "install" "serveStatic"
41 error node v4.4.7
42 error npm  v2.15.8
43 error code E404
44 error 404 Registry returned 404 for GET on https://registry.npmjs.org/serveStatic
44 error 404
44 error 404 'serveStatic' is not in the npm registry.
44 error 404 Your package name is not valid, because
44 error 404
44 error 404  1. name can no longer contain capital letters
44 error 404 It was specified as a dependency of 'danielbarranco'
44 error 404
44 error 404 Note that you can also install from a
44 error 404 tarball, folder, http url, or git url.
45 verbose exit [ 1, true ]
